mode: set
github.com/shawkyelshalawy/Daily_Brief/handlers/newsletter.go:19.62,20.78 1 1
github.com/shawkyelshalawy/Daily_Brief/handlers/newsletter.go:20.78,23.23 2 1
github.com/shawkyelshalawy/Daily_Brief/handlers/newsletter.go:27.3,28.70 2 1
github.com/shawkyelshalawy/Daily_Brief/handlers/newsletter.go:32.3,37.17 2 1
github.com/shawkyelshalawy/Daily_Brief/handlers/newsletter.go:41.3,41.62 1 1
github.com/shawkyelshalawy/Daily_Brief/handlers/newsletter.go:23.23,26.4 2 1
github.com/shawkyelshalawy/Daily_Brief/handlers/newsletter.go:28.70,31.4 2 0
github.com/shawkyelshalawy/Daily_Brief/handlers/newsletter.go:37.17,40.4 2 0
github.com/shawkyelshalawy/Daily_Brief/handlers/newsletter.go:45.39,46.77 1 0
github.com/shawkyelshalawy/Daily_Brief/handlers/newsletter.go:46.77,48.3 1 0
github.com/shawkyelshalawy/Daily_Brief/handlers/views.go:9.32,10.60 1 0
github.com/shawkyelshalawy/Daily_Brief/handlers/views.go:10.60,12.3 1 0
github.com/shawkyelshalawy/Daily_Brief/handlers/health.go:13.39,14.66 1 1
github.com/shawkyelshalawy/Daily_Brief/handlers/health.go:14.66,15.45 1 1
github.com/shawkyelshalawy/Daily_Brief/handlers/health.go:15.45,18.4 2 1
github.com/shawkyelshalawy/Daily_Brief/model/mail.go:19.31,21.2 1 1
github.com/shawkyelshalawy/Daily_Brief/model/mail.go:23.32,25.2 1 0
